[I 2024-05-22 15:17:46,109 minium minitest#416 _miniSetUp] =========Current case: test_bookDetailPage_02_page_base_element=========
[I 2024-05-22 15:17:46,110 minium minitest#419 _miniSetUp] package info: C:.Users.MSI-NB.Desktop.FILE.YuFanWenShu.药学.大四下.7 软件实践.novel.novel-test.case.BookDetailPage_test, case info: BookDetailPageTest.test_bookDetailPage_02_page_base_element
[I 2024-05-22 15:17:46,111 minium basenative#59 wrapper] call BaseNative.check_connection
[I 2024-05-22 15:17:46,112 minium basenative#63 wrapper] call BaseNative.check_connection end True
[I 2024-05-22 15:17:46,112 minium basenative#59 wrapper] call BaseNative.back_to_miniprogram
[I 2024-05-22 15:17:46,113 minium basenative#767 back_to_miniprogram] try back_to_miniprogram 3
[I 2024-05-22 15:17:46,114 minium basenative#63 wrapper] call BaseNative.back_to_miniprogram end 
[D 2024-05-22 15:17:46,115 minium.Conn7376 connection#417 _safely_send] ASYNC_SEND > [2261111077376]{"id":"1af03b17-e05a-4934-8617-fdb832aa944f","method":"App.callWxMethod","params":{"method":"switchTab","args":[{"url":"/pages/index/index"}]}}
[D 2024-05-22 15:17:46,117 minium.Conn7376 connection#650 __on_message] RECV < [2261111077376]{"method":"App.bindingCalled","params":{"name":"switchTab_before_global","args":[{"url":"/pages/index/index"}]}}
[D 2024-05-22 15:17:46,119 minium.Conn7376 connection#650 __on_message] RECV < [2261111077376]{"id":"1af03b17-e05a-4934-8617-fdb832aa944f","result":{"result":{"errMsg":"switchTab:ok"}}}
[I 2024-05-22 15:17:46,120 minium.Conn7376 connection#694 _handle_async_msg] received async msg: 1af03b17-e05a-4934-8617-fdb832aa944f
[D 2024-05-22 15:17:46,121 minium.Conn7376 connection#417 _safely_send] SEND > [2261111077376]{"id":"7ab0dba2-3654-4642-aca3-111b0fe0cbc9","method":"App.getCurrentPage","params":{}}
[D 2024-05-22 15:17:46,123 minium.Conn7376 connection#650 __on_message] RECV < [2261111077376]{"id":"7ab0dba2-3654-4642-aca3-111b0fe0cbc9","result":{"pageId":2,"path":"pages/index/index","query":{}}}
[D 2024-05-22 15:17:46,124 minium.App5072 app#583 _evaluate_js] evaluate js file getCurrentPages [ALL]
[D 2024-05-22 15:17:46,124 minium.Conn7376 connection#417 _safely_send] SEND > [2261111077376]{"id":"162cb513-300b-4af2-9230-8fec1bdd089c","method":"App.callFunction","params":{"functionDeclaration":"function miniumGetCurrentPages(e){var r=getCurrentPages();return e&&(r=[r.pop()]),r=r.map((function(e){if(e){let{route:r}=e;const n=r.indexOf(\"__plugin__/\");return n>-1&&(r=\"plugin-private://\"+r.slice(n+11)),{pageId:e.__wxWebviewId__,path:r,query:e.options,renderer:e.renderer}}})),e?r.pop():r}","args":[true]}}
[D 2024-05-22 15:17:46,127 minium.Conn7376 connection#650 __on_message] RECV < [2261111077376]{"id":"162cb513-300b-4af2-9230-8fec1bdd089c","result":{"result":{"pageId":2,"path":"pages/index/index","query":{},"renderer":"webview"}}}
[I 2024-05-22 15:17:46,129 minium minitest#819 capture] capture setup.png
[D 2024-05-22 15:17:46,130 minium.Conn7376 connection#417 _safely_send] SEND > [2261111077376]{"id":"04591dce-edb1-4617-b1bd-93959cf6c93c","method":"App.captureScreenshot","params":{}}
[D 2024-05-22 15:17:46,400 minium.Conn7376 connection#650 __on_message] RECV < [2261111077376]{"id":"04591dce-edb1-4617-b1bd-93959cf6c93c","result":{"data":"iVBORw0KGgoAAAANSUhEUgAAAdUAAAMGCAIAAAAr7okIAAAAAXNSR0IArs4c6QAAIABJREFUeJzsvXewH1d253fuvZ3TL4cXgYcMAgRAgGHISZzRBIVR2lFab9CutLsqWVKVtlx2uWS7ZNlV9rr8h9dl79bWal2yqizZSitpR6MZjmaGnGGeIQmSyPnl8Mu/X+fuG/xHA4+PDwABECAeCfan+AfY4fb53df97XPPOfc2+qff+l8hJycnJ+f+sq88hbfahpycnJyPKbn+5uTk5GwNuf7m5OTkbA25/ubk5ORsDbn+5uTk5GwNuf7m5OTkbA25/ubk5ORsDbn+5uTk5GwNuf7m5OTkbA25/ubk5ORsDbn+5uTk5GwNuf7m5OTkbA25/ubk5ORsDbn+5uTk5GwNuf7m5OTkbA25/ubk5ORsDbn+5uTk5GwNuf7m5OTkb
[I 2024-05-22 15:17:46,404 minium minitest#471 _miniSetUp] =========case: test_bookDetailPage_02_page_base_element start=========
[I 2024-05-22 15:17:46,405 minium minitest#703 _callTestMethod] call test method
[I 2024-05-22 15:17:46,406 minium.App5072 app#856 navigate_to] NavigateTo: pages/book-detail/index
[D 2024-05-22 15:17:46,407 minium.Conn7376 connection#417 _safely_send] ASYNC_SEND > [2261111077376]{"id":"87ea368b-6b53-4e9c-875a-5059a4f383cd","method":"App.callWxMethod","params":{"method":"navigateTo","args":[{"url":"pages/book-detail/index"}]}}
[D 2024-05-22 15:17:46,409 minium.Conn7376 connection#650 __on_message] RECV < [2261111077376]{"method":"App.bindingCalled","params":{"name":"navigateTo_before_global","args":[{"url":"pages/book-detail/index"}]}}
[D 2024-05-22 15:17:46,411 minium.Conn7376 connection#650 __on_message] RECV < [2261111077376]{"id":"87ea368b-6b53-4e9c-875a-5059a4f383cd","error":{"message":"page \"pages/index/pages/book-detail/index\" is not found"}}
[E 2024-05-22 15:17:46,412 minium.Conn7376 connection#658 __on_message] [87ea368b-6b53-4e9c-875a-5059a4f383cd]: page "pages/index/pages/book-detail/index" is not found
[I 2024-05-22 15:17:46,413 minium.Conn7376 connection#694 _handle_async_msg] received async msg: 87ea368b-6b53-4e9c-875a-5059a4f383cd
[E 2024-05-22 15:17:46,414 minium minitest#708 _callTestMethod] test exception
Traceback (most recent call last):
  File "E:\zfy\anaconda3\envs\minium\lib\site-packages\minium\framework\minitest.py", line 704, in _callTestMethod
    method()
  File "C:\Users\MSI-NB\Desktop\FILE\YuFanWenShu\药学\大四下\7 软件实践\novel\novel-test\case\BookDetailPage_test.py", line 29, in test_bookDetailPage_02_page_base_element
    self.app.navigate_to(Route.BookDetailPage_route)
  File "E:\zfy\anaconda3\envs\minium\lib\site-packages\minium\miniprogram\base_driver\minium_log.py", line 225, in wrapper
    result = func(*args, **kwargs)
  File "E:\zfy\anaconda3\envs\minium\lib\site-packages\minium\miniprogram\base_driver\app.py", line 857, in navigate_to
    page = self._change_route_async("navigateTo", url, is_wait_url_change)
  File "E:\zfy\anaconda3\envs\minium\lib\site-packages\minium\miniprogram\base_driver\app.py", line 1113, in _change_route_async
    cmd.get_open_result(wait_timeout)
  File "E:\zfy\anaconda3\envs\minium\lib\site-packages\minium\miniprogram\base_driver\app.py", line 132, in get_open_result
    return self._open_callback.get_result()
  File "E:\zfy\anaconda3\envs\minium\lib\site-packages\minium\miniprogram\base_driver\callback.py", line 158, in get_result
    return self._waiter.result()
minium.framework.exception.MiniCommandError: page "pages/index/pages/book-detail/index" is not found
[I 2024-05-22 15:17:46,418 minium minitest#711 _callTestMethod] end test method
[D 2024-05-22 15:17:46,418 minium minitest#714 _miniTearDown] =========Current case Down: test_bookDetailPage_02_page_base_element=========
[I 2024-05-22 15:17:46,419 minium minitest#819 capture] capture teardown.png
[D 2024-05-22 15:17:46,420 minium.Conn7376 connection#417 _safely_send] SEND > [2261111077376]{"id":"e505238d-3698-4495-b45f-491eed5defa7","method":"App.captureScreenshot","params":{}}
[D 2024-05-22 15:17:46,707 minium.Conn7376 connection#650 __on_message] RECV < [2261111077376]{"id":"e505238d-3698-4495-b45f-491eed5defa7","result":{"data":"iVBORw0KGgoAAAANSUhEUgAAAdUAAAMGCAIAAAAr7okIAAAAAXNSR0IArs4c6QAAIABJREFUeJzsvXewH1d253fuvZ3TL4cXgYcMAgRAgGHISZzRBIVR2lFab9CutLsqWVKVtlx2uWS7ZNlV9rr8h9dl79bWal2yqizZSitpR6MZjmaGnGGeIQmSyPnl8Mu/X+fuG/xHA4+PDwABECAeCfan+AfY4fb53df97XPPOfc2+qff+l8hJycnJ+f+sq88hbfahpycnJyPKbn+5uTk5GwNuf7m5OTkbA25/ubk5ORsDbn+5uTk5GwNuf7m5OTkbA25/ubk5ORsDbn+5uTk5GwNuf7m5OTkbA25/ubk5ORsDbn+5uTk5GwNuf7m5OTkbA25/ubk5ORsDbn+5uTk5GwNuf7m5OTkbA25/ubk5ORsDbn+5uTk5GwNuf7m5OTkb
[I 2024-05-22 15:17:46,711 minium basenative#59 wrapper] call BaseNative.get_start_up
[I 2024-05-22 15:17:46,712 minium basenative#63 wrapper] call BaseNative.get_start_up end 
[E 2024-05-22 15:17:46,715 minium assertbase#351 _get_stack_info] <bound method BookDetailPageTest.test_bookDetailPage_02_page_base_element of <case.BookDetailPage_test.BookDetailPageTest testMethod=test_bookDetailPage_02_page_base_element>>
Traceback (most recent call last):
  File "E:\zfy\anaconda3\envs\minium\lib\site-packages\minium\framework\libs\unittest\case.py", line 266, in testPartExecutor
    yield
  File "E:\zfy\anaconda3\envs\minium\lib\site-packages\minium\framework\libs\unittest\case.py", line 351, in run
    self._callTestMethod(testMethod)
  File "E:\zfy\anaconda3\envs\minium\lib\site-packages\minium\framework\minitest.py", line 704, in _callTestMethod
    method()
  File "C:\Users\MSI-NB\Desktop\FILE\YuFanWenShu\药学\大四下\7 软件实践\novel\novel-test\case\BookDetailPage_test.py", line 29, in test_bookDetailPage_02_page_base_element
    self.app.navigate_to(Route.BookDetailPage_route)
  File "E:\zfy\anaconda3\envs\minium\lib\site-packages\minium\miniprogram\base_driver\minium_log.py", line 225, in wrapper
    result = func(*args, **kwargs)
  File "E:\zfy\anaconda3\envs\minium\lib\site-packages\minium\miniprogram\base_driver\app.py", line 857, in navigate_to
    page = self._change_route_async("navigateTo", url, is_wait_url_change)
  File "E:\zfy\anaconda3\envs\minium\lib\site-packages\minium\miniprogram\base_driver\app.py", line 1113, in _change_route_async
    cmd.get_open_result(wait_timeout)
  File "E:\zfy\anaconda3\envs\minium\lib\site-packages\minium\miniprogram\base_driver\app.py", line 132, in get_open_result
    return self._open_callback.get_result()
  File "E:\zfy\anaconda3\envs\minium\lib\site-packages\minium\miniprogram\base_driver\callback.py", line 158, in get_result
    return self._waiter.result()
minium.framework.exception.MiniCommandError: page "pages/index/pages/book-detail/index" is not found
[W 2024-05-22 15:17:46,716 minium assertbase#333 _log_info_when_error] config: {'debug': False, 'base_dir': 'C:\\Users\\MSI-NB\\Desktop\\FILE\\YuFanWenShu\\药学\\大四下\\7 软件实践\\novel\\novel-test', 'platform': 'ide', 'app': 'wx', 'debug_mode': 'debug', 'close_ide': False, 'auto_capture': 'auto', 'check_mp_foreground': True, 'auto_relaunch': True, 'device_desire': {}, 'account_info': {}, 'report_usage': True, 'remote_connect_timeout': 300, 'request_timeout': 60, 'use_push': True, 'full_reset': False, 'outputs': 'C:\\Users\\MSI-NB\\Desktop\\FILE\\YuFanWenShu\\药学\\大四下\\7 软件实践\\novel\\novel-test\\outputs', 'enable_app_log': False, 'enable_network_panel': False, 'project_path': 'C:/Users/MSI-NB/Desktop/FILE/YuFanWenShu/药学/大四下/7 软件实践/novel/unpackage/dist/dev/mp-weixin', 'dev_tool_path': 'D:/小程序/微信web开发者工具/cli.bat', 'test_port': 9420, 'mock_native_modal': {}, 'mock_request': [], 'auto_authorize': False, 'audits': None, 'teardown_snapshot': False, 'mock_images_dir': '', 'mock_images': {}, 'need_perf': False, 'appid': None, 'enable_h5': True, 'assert_capture': False, 'framework_capture': True, 'error_capture': False, 'create_time': '20240522151727', 'case_output': 'C:\\Users\\MSI-NB\\Desktop\\FILE\\YuFanWenShu\\药学\\大四下\\7 软件实践\\novel\\novel-test\\outputs\\20240522151727\\test_bookDetailPage_02_page_base_element\\20240522151746108945'}
[W 2024-05-22 15:17:46,718 minium assertbase#334 _log_info_when_error] build info: {'version': '1.5.4', 'revision': 'd0e4ae555098cbedc3c3d5dd383806e1d5aebe34', 'branch': 'master', 'update_at': '2024-04-22 21:01:28'}
[W 2024-05-22 15:17:46,719 minium minitest#951 _log_info_when_error] mini: 基础库2.25.3, 开发者工具1.06.2402040
[W 2024-05-22 15:17:46,720 minium minitest#953 _log_info_when_error] native: <minium.native.wx_native.idenative.IdeNative object at 0x0000020E74B8DD20>
